<?xml version="1.0" encoding="UTF-8"?>
<!-- Generated by org.testng.reporters.JUnitReportReporter -->
<testsuite hostname="BiiaRyzen" failures="0" tests="3" name="jPetStoreBDD.TestRunner" time="14.573" errors="0" timestamp="2024-12-05T19:38:36 WET" skipped="0">
  <testcase classname="jPetStoreBDD.TestRunner" name="runScenario" time="3.890"/>
  <system-out/>
  <testcase classname="jPetStoreBDD.TestRunner" name="runScenario" time="5.444"/>
  <system-out/>
  <testcase classname="jPetStoreBDD.TestRunner" name="runScenario" time="5.239"/>
  <system-out/>
</testsuite> <!-- jPetStoreBDD.TestRunner -->
